TN:
SF:/Volumes/case/ethereum_artchain/code/contracts/artchain_acg20.sol
FN:31,totalSupply
FN:40,balanceOf
FN:49,transfer
FN:66,transferFrom1
FN:88,approve
FN:100,allowance
FN:131,onlyOwner
FN:141,isForAuction
FN:157,
FN:165,transferOwnership
FN:176,mint
FN:188,burn
FN:200,burnFrom
FN:216,freeze
FN:244,transfer
FN:255,transferFrom
FNF:16
FNH:16
FNDA:6,totalSupply
FNDA:16,balanceOf
FNDA:2,transfer
FNDA:1,transferFrom1
FNDA:2,approve
FNDA:4,allowance
FNDA:151,onlyOwner
FNDA:4,isForAuction
FNDA:1,
FNDA:2,transferOwnership
FNDA:142,mint
FNDA:1,burn
FNDA:1,burnFrom
FNDA:5,freeze
FNDA:2,transfer
FNDA:1,transferFrom
DA:32,6
DA:41,16
DA:50,2
DA:51,2
DA:54,2
DA:55,2
DA:56,2
DA:57,2
DA:67,1
DA:68,1
DA:69,1
DA:71,1
DA:72,1
DA:73,1
DA:74,1
DA:75,1
DA:89,2
DA:90,2
DA:91,2
DA:101,4
DA:132,151
DA:133,149
DA:142,4
DA:143,2
DA:145,1
DA:147,1
DA:148,1
DA:150,3
DA:158,1
DA:166,2
DA:167,1
DA:168,1
DA:177,142
DA:178,142
DA:179,142
DA:180,142
DA:181,142
DA:189,1
DA:190,1
DA:191,1
DA:192,1
DA:193,1
DA:201,1
DA:202,1
DA:204,1
DA:205,1
DA:206,1
DA:207,1
DA:208,1
DA:217,5
DA:219,5
DA:220,5
DA:223,5
DA:226,5
DA:229,4
DA:232,4
DA:233,4
DA:235,4
DA:245,2
DA:256,1
LF:60
LH:60
BRDA:50,1,0,2
BRDA:50,1,1,0
BRDA:51,2,0,2
BRDA:51,2,1,0
BRDA:67,3,0,1
BRDA:67,3,1,0
BRDA:68,4,0,1
BRDA:68,4,1,0
BRDA:69,5,0,1
BRDA:69,5,1,0
BRDA:132,6,0,149
BRDA:132,6,1,2
BRDA:142,7,0,2
BRDA:142,7,1,2
BRDA:143,8,0,1
BRDA:143,8,1,1
BRDA:166,9,0,1
BRDA:166,9,1,1
BRDA:189,10,0,1
BRDA:189,10,1,0
BRDA:201,11,0,1
BRDA:201,11,1,0
BRDA:202,12,0,1
BRDA:202,12,1,0
BRDA:217,13,0,5
BRDA:217,13,1,0
BRDA:226,14,0,4
BRDA:226,14,1,1
BRF:28
BRH:19
end_of_record
TN:
SF:/Volumes/case/ethereum_artchain/code/contracts/artchain_acg721.sol
FN:26,onlyExtantToken
FN:31,balanceOf
FN:35,ownerOf
FN:47,transferFrom
FN:59,approve
FN:70,_clearApprovalAndTransfer
FN:78,_clearTokenApproval
FN:83,_removeTokenFromOwnersList
FN:96,_setTokenOwner
FN:101,_addTokenToOwnersList
FN:122,
FN:125,onlyNonexistentToken
FN:131,mint
FN:142,mintWithMetadata
FN:154,transfer
FN:164,_insertTokenMetadata
FNF:16
FNH:16
FNDA:9,onlyExtantToken
FNDA:7,balanceOf
FNDA:21,ownerOf
FNDA:2,transferFrom
FNDA:3,approve
FNDA:3,_clearApprovalAndTransfer
FNDA:3,_clearTokenApproval
FNDA:3,_removeTokenFromOwnersList
FNDA:12,_setTokenOwner
FNDA:12,_addTokenToOwnersList
FNDA:1,
FNDA:9,onlyNonexistentToken
FNDA:2,mint
FNDA:7,mintWithMetadata
FNDA:3,transfer
FNDA:7,_insertTokenMetadata
DA:27,9
DA:28,8
DA:32,7
DA:37,21
DA:48,2
DA:49,2
DA:50,2
DA:52,2
DA:54,2
DA:55,2
DA:61,3
DA:62,2
DA:64,2
DA:65,2
DA:66,2
DA:72,3
DA:73,3
DA:74,3
DA:75,3
DA:80,3
DA:85,3
DA:86,3
DA:87,3
DA:89,3
DA:90,3
DA:92,3
DA:93,3
DA:98,12
DA:103,12
DA:104,12
DA:126,9
DA:127,9
DA:133,2
DA:134,2
DA:136,2
DA:137,2
DA:144,7
DA:145,7
DA:147,7
DA:149,7
DA:150,7
DA:156,3
DA:157,2
DA:159,1
DA:161,1
DA:166,7
LF:46
LH:46
BRDA:27,1,0,8
BRDA:27,1,1,1
BRDA:48,2,0,2
BRDA:48,2,1,0
BRDA:49,3,0,2
BRDA:49,3,1,0
BRDA:50,4,0,2
BRDA:50,4,1,0
BRDA:61,5,0,2
BRDA:61,5,1,1
BRDA:62,6,0,2
BRDA:62,6,1,0
BRDA:64,7,0,2
BRDA:64,7,1,0
BRDA:126,8,0,9
BRDA:126,8,1,0
BRDA:156,9,0,2
BRDA:156,9,1,1
BRDA:157,10,0,1
BRDA:157,10,1,1
BRF:20
BRH:14
end_of_record
