TN:
SF:/Volumes/case/ethereum_artchain/code/contracts/acg20.sol
FN:6,receiveApproval
FN:36,totalSupply
FN:45,balanceOf
FN:54,transfer
FN:71,transferFrom
FN:93,approve
FN:105,allowance
FN:138,onlyOwner
FN:150,isForAuction
FN:163,
FN:171,transferOwnership
FN:182,mint
FN:194,burn
FN:206,burnFrom
FN:222,freeze
FN:250,payForArtwork
FN:261,payForArtworkFrom
FN:269,registerACG721Contract
FN:286,approveAndCall
FNF:19
FNH:18
FNDA:0,receiveApproval
FNDA:6,totalSupply
FNDA:22,balanceOf
FNDA:2,transfer
FNDA:4,transferFrom
FNDA:5,approve
FNDA:4,allowance
FNDA:187,onlyOwner
FNDA:7,isForAuction
FNDA:1,
FNDA:2,transferOwnership
FNDA:177,mint
FNDA:1,burn
FNDA:1,burnFrom
FNDA:5,freeze
FNDA:2,payForArtwork
FNDA:4,payForArtworkFrom
FNDA:1,registerACG721Contract
FNDA:3,approveAndCall
DA:37,6
DA:46,22
DA:55,2
DA:56,2
DA:59,2
DA:60,2
DA:61,2
DA:62,2
DA:72,4
DA:73,4
DA:74,3
DA:76,3
DA:77,3
DA:78,3
DA:79,3
DA:80,3
DA:94,5
DA:95,5
DA:96,5
DA:106,4
DA:139,187
DA:140,185
DA:151,7
DA:152,2
DA:154,1
DA:156,1
DA:157,1
DA:159,6
DA:164,1
DA:172,2
DA:173,1
DA:174,1
DA:183,177
DA:184,177
DA:185,177
DA:186,177
DA:187,177
DA:195,1
DA:196,1
DA:197,1
DA:198,1
DA:199,1
DA:207,1
DA:208,1
DA:210,1
DA:211,1
DA:212,1
DA:213,1
DA:214,1
DA:223,5
DA:225,5
DA:226,5
DA:229,5
DA:232,5
DA:235,4
DA:238,4
DA:239,4
DA:241,4
DA:251,2
DA:262,4
DA:270,1
DA:271,1
DA:272,1
DA:287,3
DA:288,3
DA:290,3
LF:66
LH:66
BRDA:55,1,0,2
BRDA:55,1,1,0
BRDA:56,2,0,2
BRDA:56,2,1,0
BRDA:72,3,0,4
BRDA:72,3,1,0
BRDA:73,4,0,3
BRDA:73,4,1,1
BRDA:74,5,0,3
BRDA:74,5,1,0
BRDA:139,6,0,185
BRDA:139,6,1,2
BRDA:151,7,0,2
BRDA:151,7,1,5
BRDA:152,8,0,1
BRDA:152,8,1,1
BRDA:172,9,0,1
BRDA:172,9,1,1
BRDA:195,10,0,1
BRDA:195,10,1,0
BRDA:207,11,0,1
BRDA:207,11,1,0
BRDA:208,12,0,1
BRDA:208,12,1,0
BRDA:223,13,0,5
BRDA:223,13,1,0
BRDA:232,14,0,4
BRDA:232,14,1,1
BRDA:270,15,0,1
BRDA:270,15,1,0
BRDA:287,16,0,3
BRDA:287,16,1,0
BRDA:290,17,0,1
BRDA:290,17,1,2
BRF:34
BRH:24
end_of_record
TN:
SF:/Volumes/case/ethereum_artchain/code/contracts/acg721.sol
FN:6,payForArtworkFrom
FN:31,onlyExtantToken
FN:36,balanceOf
FN:40,ownerOf
FN:52,transferFrom
FN:64,approve
FN:75,_clearApprovalAndTransfer
FN:83,_clearTokenApproval
FN:88,_removeTokenFromOwnersList
FN:101,_setTokenOwner
FN:106,_addTokenToOwnersList
FN:132,onlyOwner
FN:138,
FN:142,onlyNonexistentToken
FN:148,mint
FN:159,mintWithMetadata
FN:171,transfer
FN:181,_insertTokenMetadata
FN:190,registerACG20Contract
FN:205,receiveApproval
FNF:20
FNH:19
FNDA:0,payForArtworkFrom
FNDA:16,onlyExtantToken
FNDA:7,balanceOf
FNDA:33,ownerOf
FNDA:4,transferFrom
FNDA:5,approve
FNDA:4,_clearApprovalAndTransfer
FNDA:4,_clearTokenApproval
FNDA:4,_removeTokenFromOwnersList
FNDA:15,_setTokenOwner
FNDA:15,_addTokenToOwnersList
FNDA:1,onlyOwner
FNDA:1,
FNDA:11,onlyNonexistentToken
FNDA:2,mint
FNDA:9,mintWithMetadata
FNDA:3,transfer
FNDA:9,_insertTokenMetadata
FNDA:1,registerACG20Contract
FNDA:3,receiveApproval
DA:32,16
DA:33,15
DA:37,7
DA:42,33
DA:53,4
DA:54,3
DA:55,3
DA:57,3
DA:59,3
DA:60,3
DA:66,5
DA:67,4
DA:69,4
DA:70,4
DA:71,4
DA:77,4
DA:78,4
DA:79,4
DA:80,4
DA:85,4
DA:90,4
DA:91,4
DA:92,4
DA:94,4
DA:95,4
DA:97,4
DA:98,4
DA:103,15
DA:108,15
DA:109,15
DA:133,1
DA:134,1
DA:139,1
DA:143,11
DA:144,11
DA:150,2
DA:151,2
DA:153,2
DA:154,2
DA:161,9
DA:162,9
DA:164,9
DA:166,9
DA:167,9
DA:173,3
DA:174,2
DA:176,1
DA:178,1
DA:183,9
DA:191,1
DA:192,1
DA:193,1
DA:206,3
DA:208,3
DA:210,2
DA:211,1
LF:56
LH:56
BRDA:32,1,0,15
BRDA:32,1,1,1
BRDA:53,2,0,3
BRDA:53,2,1,1
BRDA:54,3,0,3
BRDA:54,3,1,0
BRDA:55,4,0,3
BRDA:55,4,1,0
BRDA:66,5,0,4
BRDA:66,5,1,1
BRDA:67,6,0,4
BRDA:67,6,1,0
BRDA:69,7,0,4
BRDA:69,7,1,0
BRDA:133,8,0,1
BRDA:133,8,1,0
BRDA:143,9,0,11
BRDA:143,9,1,0
BRDA:173,10,0,2
BRDA:173,10,1,1
BRDA:174,11,0,1
BRDA:174,11,1,1
BRDA:191,12,0,1
BRDA:191,12,1,0
BRDA:206,13,0,3
BRDA:206,13,1,0
BRDA:208,14,0,2
BRDA:208,14,1,1
BRF:28
BRH:20
end_of_record
